<?xml version="1.0" encoding="UTF-8"?>
<testsuite xmlns:xsi="http://www.w3.org/2001/XMLSchema-instance" xsi:noNamespaceSchemaLocation="https://maven.apache.org/surefire/maven-surefire-plugin/xsd/surefire-test-report-3.0.xsd" version="3.0" name="com.inventory.api.service.SupplierServiceTest" time="0.953" tests="15" errors="0" skipped="0" failures="0">
  <properties>
[...]
</properties>
  <testcase name="searchSuppliers_Success" classname="com.inventory.api.service.SupplierServiceTest" time="0.853">
    <system-out><![CDATA[09:13:21.796 [main] INFO com.inventory.api.service.impl.SupplierServiceImpl -- Searching suppliers with criteria - name: Test, contactPerson: John, city: Test City, country: Test Country, active: true
]]></system-out>
  </testcase>
  <testcase name="createSupplier_NameAlreadyExists_ThrowsException" classname="com.inventory.api.service.SupplierServiceTest" time="0.01">
    <system-out><![CDATA[09:13:21.819 [main] INFO com.inventory.api.service.impl.SupplierServiceImpl -- Creating new supplier: Test Supplier
]]></system-out>
  </testcase>
  <testcase name="deleteSupplier_WithProducts_ThrowsException" classname="com.inventory.api.service.SupplierServiceTest" time="0.004">
    <system-out><![CDATA[09:13:21.827 [main] INFO com.inventory.api.service.impl.SupplierServiceImpl -- Deleting supplier with ID: 1
09:13:21.828 [main] INFO com.inventory.api.service.impl.SupplierServiceImpl -- Successfully deleted supplier with ID: 1
]]></system-out>
  </testcase>
  <testcase name="getSupplierById_Success" classname="com.inventory.api.service.SupplierServiceTest" time="0.006">
    <system-out><![CDATA[09:13:21.835 [main] INFO com.inventory.api.service.impl.SupplierServiceImpl -- Fetching supplier with ID: 1
]]></system-out>
  </testcase>
  <testcase name="getActiveSuppliers_Success" classname="com.inventory.api.service.SupplierServiceTest" time="0.003">
    <system-out><![CDATA[09:13:21.838 [main] INFO com.inventory.api.service.impl.SupplierServiceImpl -- Fetching active suppliers
]]></system-out>
  </testcase>
  <testcase name="getSupplierById_NotFound_ThrowsException" classname="com.inventory.api.service.SupplierServiceTest" time="0.003">
    <system-out><![CDATA[09:13:21.842 [main] INFO com.inventory.api.service.impl.SupplierServiceImpl -- Fetching supplier with ID: 1
]]></system-out>
  </testcase>
  <testcase name="deleteSupplier_Success" classname="com.inventory.api.service.SupplierServiceTest" time="0.006">
    <system-out><![CDATA[09:13:21.845 [main] INFO com.inventory.api.service.impl.SupplierServiceImpl -- Deleting supplier with ID: 1
09:13:21.846 [main] INFO com.inventory.api.service.impl.SupplierServiceImpl -- Successfully deleted supplier with ID: 1
]]></system-out>
  </testcase>
  <testcase name="updateSupplier_Success" classname="com.inventory.api.service.SupplierServiceTest" time="0.009">
    <system-out><![CDATA[09:13:21.856 [main] INFO com.inventory.api.service.impl.SupplierServiceImpl -- Updating supplier with ID: 1
09:13:21.858 [main] INFO com.inventory.api.service.impl.SupplierServiceImpl -- Successfully updated supplier with ID: 1
]]></system-out>
  </testcase>
  <testcase name="getAllSuppliers_Success" classname="com.inventory.api.service.SupplierServiceTest" time="0.01">
    <system-out><![CDATA[09:13:21.869 [main] INFO com.inventory.api.service.impl.SupplierServiceImpl -- Fetching all suppliers with pagination: page 0, size 10
]]></system-out>
  </testcase>
  <testcase name="updateSupplier_NotFound_ThrowsException" classname="com.inventory.api.service.SupplierServiceTest" time="0.002">
    <system-out><![CDATA[09:13:21.873 [main] INFO com.inventory.api.service.impl.SupplierServiceImpl -- Updating supplier with ID: 1
]]></system-out>
  </testcase>
  <testcase name="existsByName_ReturnsTrue" classname="com.inventory.api.service.SupplierServiceTest" time="0.001"/>
  <testcase name="existsByName_ReturnsFalse" classname="com.inventory.api.service.SupplierServiceTest" time="0.002"/>
  <testcase name="deactivateSupplier_Success" classname="com.inventory.api.service.SupplierServiceTest" time="0.005">
    <system-out><![CDATA[09:13:21.881 [main] INFO com.inventory.api.service.impl.SupplierServiceImpl -- Deactivating supplier with ID: 1
09:13:21.881 [main] INFO com.inventory.api.service.impl.SupplierServiceImpl -- Successfully deactivated supplier with ID: 1
]]></system-out>
  </testcase>
  <testcase name="createSupplier_Success" classname="com.inventory.api.service.SupplierServiceTest" time="0.003">
    <system-out><![CDATA[09:13:21.886 [main] INFO com.inventory.api.service.impl.SupplierServiceImpl -- Creating new supplier: Test Supplier
09:13:21.886 [main] INFO com.inventory.api.service.impl.SupplierServiceImpl -- Successfully created supplier with ID: 1
]]></system-out>
  </testcase>
  <testcase name="activateSupplier_Success" classname="com.inventory.api.service.SupplierServiceTest" time="0.003">
    <system-out><![CDATA[09:13:21.890 [main] INFO com.inventory.api.service.impl.SupplierServiceImpl -- Activating supplier with ID: 1
09:13:21.891 [main] INFO com.inventory.api.service.impl.SupplierServiceImpl -- Successfully activated supplier with ID: 1
]]></system-out>
  </testcase>
</testsuite>